12/10/2024 08:51:56 PM: WARNING: The chromedriver version (130.0.6723.91) detected in PATH at C:\Users\usha5\PycharmProjects\PracticeProject2\chromedriver.exe might not be compatible with the detected chrome version (131.0.6778.108); currently, chromedriver 131.0.6778.108 is recommended for chrome 131.*, so it is advised to delete the driver in PATH and retry
12/10/2024 08:51:58 PM: INFO: **** Starting tes_myaccount loginddt *******
12/10/2024 08:54:29 PM: WARNING: The chromedriver version (130.0.6723.91) detected in PATH at C:\Users\usha5\PycharmProjects\PracticeProject2\chromedriver.exe might not be compatible with the detected chrome version (131.0.6778.108); currently, chromedriver 131.0.6778.108 is recommended for chrome 131.*, so it is advised to delete the driver in PATH and retry
12/10/2024 08:54:36 PM: INFO: ****** starting test_myaccount password mask ********
12/10/2024 08:54:39 PM: WARNING: The chromedriver version (130.0.6723.91) detected in PATH at C:\Users\usha5\PycharmProjects\PracticeProject2\chromedriver.exe might not be compatible with the detected chrome version (131.0.6778.108); currently, chromedriver 131.0.6778.108 is recommended for chrome 131.*, so it is advised to delete the driver in PATH and retry
12/10/2024 08:54:48 PM: INFO: ******** starting test_myaccount case sensitivity check*******
12/10/2024 08:54:52 PM: WARNING: The chromedriver version (130.0.6723.91) detected in PATH at C:\Users\usha5\PycharmProjects\PracticeProject2\chromedriver.exe might not be compatible with the detected chrome version (131.0.6778.108); currently, chromedriver 131.0.6778.108 is recommended for chrome 131.*, so it is advised to delete the driver in PATH and retry
12/10/2024 08:55:00 PM: INFO: ********* starting test_myaccount Authentication ********
12/10/2024 08:56:14 PM: WARNING: The chromedriver version (130.0.6723.91) detected in PATH at C:\Users\usha5\PycharmProjects\PracticeProject2\chromedriver.exe might not be compatible with the detected chrome version (131.0.6778.108); currently, chromedriver 131.0.6778.108 is recommended for chrome 131.*, so it is advised to delete the driver in PATH and retry
12/10/2024 08:56:15 PM: INFO: **** Starting test_Myaccount_Dashboard *******
12/10/2024 08:56:46 PM: WARNING: The chromedriver version (130.0.6723.91) detected in PATH at C:\Users\usha5\PycharmProjects\PracticeProject2\chromedriver.exe might not be compatible with the detected chrome version (131.0.6778.108); currently, chromedriver 131.0.6778.108 is recommended for chrome 131.*, so it is advised to delete the driver in PATH and retry
12/10/2024 08:56:47 PM: INFO: **** Starting test_myaccount orders *******
12/10/2024 08:57:18 PM: WARNING: The chromedriver version (130.0.6723.91) detected in PATH at C:\Users\usha5\PycharmProjects\PracticeProject2\chromedriver.exe might not be compatible with the detected chrome version (131.0.6778.108); currently, chromedriver 131.0.6778.108 is recommended for chrome 131.*, so it is advised to delete the driver in PATH and retry
12/10/2024 08:57:19 PM: INFO: **** Starting test_myaccount Addresses *******
12/10/2024 08:57:50 PM: WARNING: The chromedriver version (130.0.6723.91) detected in PATH at C:\Users\usha5\PycharmProjects\PracticeProject2\chromedriver.exe might not be compatible with the detected chrome version (131.0.6778.108); currently, chromedriver 131.0.6778.108 is recommended for chrome 131.*, so it is advised to delete the driver in PATH and retry
12/10/2024 08:57:51 PM: INFO: **** Starting test_myaccount Account details *******
12/10/2024 08:59:45 PM: WARNING: The chromedriver version (130.0.6723.91) detected in PATH at C:\Users\usha5\PycharmProjects\PracticeProject2\chromedriver.exe might not be compatible with the detected chrome version (131.0.6778.108); currently, chromedriver 131.0.6778.108 is recommended for chrome 131.*, so it is advised to delete the driver in PATH and retry
12/10/2024 08:59:46 PM: INFO: **** Starting test_myaccount billing address *******
12/10/2024 09:00:59 PM: WARNING: The chromedriver version (130.0.6723.91) detected in PATH at C:\Users\usha5\PycharmProjects\PracticeProject2\chromedriver.exe might not be compatible with the detected chrome version (131.0.6778.108); currently, chromedriver 131.0.6778.108 is recommended for chrome 131.*, so it is advised to delete the driver in PATH and retry
12/10/2024 09:01:00 PM: INFO: **** Starting test_myaccount logout *******
12/10/2024 09:02:00 PM: WARNING: The chromedriver version (130.0.6723.91) detected in PATH at C:\Users\usha5\PycharmProjects\PracticeProject2\chromedriver.exe might not be compatible with the detected chrome version (131.0.6778.108); currently, chromedriver 131.0.6778.108 is recommended for chrome 131.*, so it is advised to delete the driver in PATH and retry
12/10/2024 09:02:01 PM: INFO: **** Starting test_shipping address *******
12/10/2024 09:03:49 PM: WARNING: The chromedriver version (130.0.6723.91) detected in PATH at C:\Users\usha5\PycharmProjects\PracticeProject2\chromedriver.exe might not be compatible with the detected chrome version (131.0.6778.108); currently, chromedriver 131.0.6778.108 is recommended for chrome 131.*, so it is advised to delete the driver in PATH and retry
12/10/2024 09:03:50 PM: INFO: ****Testcase10_cpn450 Started****
12/10/2024 09:07:22 PM: WARNING: The chromedriver version (130.0.6723.91) detected in PATH at C:\Users\usha5\PycharmProjects\PracticeProject2\chromedriver.exe might not be compatible with the detected chrome version (131.0.6778.108); currently, chromedriver 131.0.6778.108 is recommended for chrome 131.*, so it is advised to delete the driver in PATH and retry
12/10/2024 09:07:23 PM: INFO: ****Testcase11_remove Started****
12/10/2024 09:09:14 PM: WARNING: The chromedriver version (130.0.6723.91) detected in PATH at C:\Users\usha5\PycharmProjects\PracticeProject2\chromedriver.exe might not be compatible with the detected chrome version (131.0.6778.108); currently, chromedriver 131.0.6778.108 is recommended for chrome 131.*, so it is advised to delete the driver in PATH and retry
12/10/2024 09:09:15 PM: INFO: ****Testcase12_update Started****
12/10/2024 09:11:16 PM: WARNING: The chromedriver version (130.0.6723.91) detected in PATH at C:\Users\usha5\PycharmProjects\PracticeProject2\chromedriver.exe might not be compatible with the detected chrome version (131.0.6778.108); currently, chromedriver 131.0.6778.108 is recommended for chrome 131.*, so it is advised to delete the driver in PATH and retry
12/10/2024 09:11:17 PM: INFO: ****Testcase13_total Started****
12/10/2024 09:12:19 PM: WARNING: The chromedriver version (130.0.6723.91) detected in PATH at C:\Users\usha5\PycharmProjects\PracticeProject2\chromedriver.exe might not be compatible with the detected chrome version (131.0.6778.108); currently, chromedriver 131.0.6778.108 is recommended for chrome 131.*, so it is advised to delete the driver in PATH and retry
12/10/2024 09:12:20 PM: INFO: ****Testcase15_subtotalchk Started****
12/10/2024 09:13:38 PM: WARNING: The chromedriver version (130.0.6723.91) detected in PATH at C:\Users\usha5\PycharmProjects\PracticeProject2\chromedriver.exe might not be compatible with the detected chrome version (131.0.6778.108); currently, chromedriver 131.0.6778.108 is recommended for chrome 131.*, so it is advised to delete the driver in PATH and retry
12/10/2024 09:13:39 PM: INFO: ****Testcase16_pagegateway Started****
12/10/2024 09:14:41 PM: WARNING: The chromedriver version (130.0.6723.91) detected in PATH at C:\Users\usha5\PycharmProjects\PracticeProject2\chromedriver.exe might not be compatible with the detected chrome version (131.0.6778.108); currently, chromedriver 131.0.6778.108 is recommended for chrome 131.*, so it is advised to delete the driver in PATH and retry
12/10/2024 09:14:42 PM: INFO: ****Testcase17_gateway_database Started****
12/10/2024 09:16:08 PM: WARNING: The chromedriver version (130.0.6723.91) detected in PATH at C:\Users\usha5\PycharmProjects\PracticeProject2\chromedriver.exe might not be compatible with the detected chrome version (131.0.6778.108); currently, chromedriver 131.0.6778.108 is recommended for chrome 131.*, so it is advised to delete the driver in PATH and retry
12/10/2024 09:16:10 PM: INFO: ****Testcase18_placeorder Started****
12/10/2024 09:17:57 PM: WARNING: The chromedriver version (130.0.6723.91) detected in PATH at C:\Users\usha5\PycharmProjects\PracticeProject2\chromedriver.exe might not be compatible with the detected chrome version (131.0.6778.108); currently, chromedriver 131.0.6778.108 is recommended for chrome 131.*, so it is advised to delete the driver in PATH and retry
12/10/2024 09:17:58 PM: INFO: ****Testcase1_sliders Started****
12/10/2024 09:19:08 PM: WARNING: The chromedriver version (130.0.6723.91) detected in PATH at C:\Users\usha5\PycharmProjects\PracticeProject2\chromedriver.exe might not be compatible with the detected chrome version (131.0.6778.108); currently, chromedriver 131.0.6778.108 is recommended for chrome 131.*, so it is advised to delete the driver in PATH and retry
12/10/2024 09:19:10 PM: INFO: ****Testcase2_nofarrivals started****
12/10/2024 09:19:58 PM: WARNING: The chromedriver version (130.0.6723.91) detected in PATH at C:\Users\usha5\PycharmProjects\PracticeProject2\chromedriver.exe might not be compatible with the detected chrome version (131.0.6778.108); currently, chromedriver 131.0.6778.108 is recommended for chrome 131.*, so it is advised to delete the driver in PATH and retry
12/10/2024 09:19:59 PM: INFO: ****Testcase3_imagenavigation Started****
12/10/2024 09:21:14 PM: WARNING: The chromedriver version (130.0.6723.91) detected in PATH at C:\Users\usha5\PycharmProjects\PracticeProject2\chromedriver.exe might not be compatible with the detected chrome version (131.0.6778.108); currently, chromedriver 131.0.6778.108 is recommended for chrome 131.*, so it is advised to delete the driver in PATH and retry
12/10/2024 09:21:15 PM: INFO: ****Testcase4_description Started****
12/10/2024 09:22:08 PM: WARNING: The chromedriver version (130.0.6723.91) detected in PATH at C:\Users\usha5\PycharmProjects\PracticeProject2\chromedriver.exe might not be compatible with the detected chrome version (131.0.6778.108); currently, chromedriver 131.0.6778.108 is recommended for chrome 131.*, so it is advised to delete the driver in PATH and retry
12/10/2024 09:22:09 PM: INFO: ****Testcase5_reviews Started****
12/10/2024 09:23:03 PM: WARNING: The chromedriver version (130.0.6723.91) detected in PATH at C:\Users\usha5\PycharmProjects\PracticeProject2\chromedriver.exe might not be compatible with the detected chrome version (131.0.6778.108); currently, chromedriver 131.0.6778.108 is recommended for chrome 131.*, so it is advised to delete the driver in PATH and retry
12/10/2024 09:23:04 PM: INFO: ****Testcase6_abasket Started****
12/10/2024 09:23:49 PM: WARNING: The chromedriver version (130.0.6723.91) detected in PATH at C:\Users\usha5\PycharmProjects\PracticeProject2\chromedriver.exe might not be compatible with the detected chrome version (131.0.6778.108); currently, chromedriver 131.0.6778.108 is recommended for chrome 131.*, so it is advised to delete the driver in PATH and retry
12/10/2024 09:23:51 PM: INFO: ****Testcase7_arr_adview Started****
12/10/2024 09:24:46 PM: WARNING: The chromedriver version (130.0.6723.91) detected in PATH at C:\Users\usha5\PycharmProjects\PracticeProject2\chromedriver.exe might not be compatible with the detected chrome version (131.0.6778.108); currently, chromedriver 131.0.6778.108 is recommended for chrome 131.*, so it is advised to delete the driver in PATH and retry
12/10/2024 09:24:47 PM: INFO: ****Testcase8_basket Started****
12/10/2024 09:25:47 PM: WARNING: The chromedriver version (130.0.6723.91) detected in PATH at C:\Users\usha5\PycharmProjects\PracticeProject2\chromedriver.exe might not be compatible with the detected chrome version (131.0.6778.108); currently, chromedriver 131.0.6778.108 is recommended for chrome 131.*, so it is advised to delete the driver in PATH and retry
12/10/2024 09:25:49 PM: INFO: ****Testcase9 coupon Started****
12/10/2024 09:29:50 PM: WARNING: The chromedriver version (130.0.6723.91) detected in PATH at C:\Users\usha5\PycharmProjects\PracticeProject2\chromedriver.exe might not be compatible with the detected chrome version (131.0.6778.108); currently, chromedriver 131.0.6778.108 is recommended for chrome 131.*, so it is advised to delete the driver in PATH and retry
12/10/2024 09:29:52 PM: INFO: ****Testcase4_description Started****
12/10/2024 09:31:41 PM: WARNING: The chromedriver version (130.0.6723.91) detected in PATH at C:\Users\usha5\PycharmProjects\PracticeProject2\chromedriver.exe might not be compatible with the detected chrome version (131.0.6778.108); currently, chromedriver 131.0.6778.108 is recommended for chrome 131.*, so it is advised to delete the driver in PATH and retry
12/10/2024 09:31:42 PM: INFO: ****Testcase5_reviews Started****
